<?xml version="1.0" encoding="utf-8"?><testsuites name="pytest tests"><testsuite name="pytest" errors="0" failures="0" skipped="0" tests="13" time="4.762" timestamp="2026-08-12T16:29:00.208911+00:00" hostname="agent-env-7ff023b0-282f-44b9-9fad-5ab161ac647c"><testcase classname="tests.test_ride_workflow" name="test_login_all_three_accounts" time="1.271" /><testcase classname="tests.test_ride_workflow" name="test_nearby_drivers_returns_5[Bike]" time="0.134" /><testcase classname="tests.test_ride_workflow" name="test_nearby_drivers_returns_5[Auto]" time="0.142" /><testcase classname="tests.test_ride_workflow" name="test_nearby_drivers_returns_5[Car]" time="0.176" /><testcase classname="tests.test_ride_workflow" name="test_ride_created_in_requested_state_without_auto_assign" time="0.991" /><testcase classname="tests.test_ride_workflow" name="test_driver_sees_requested_ride_in_list" time="0.543" /><testcase classname="tests.test_ride_workflow" name="test_driver_accepts_ride" time="0.116" /><testcase classname="tests.test_ride_workflow" name="test_user_sees_driver_info_after_accept" time="0.119" /><testcase classname="tests.test_ride_workflow" name="test_driver_progresses_ride[Driver Arriving]" time="0.122" /><testcase classname="tests.test_ride_workflow" name="test_driver_progresses_ride[Ride Started]" time="0.219" /><testcase classname="tests.test_ride_workflow" name="test_driver_progresses_ride[Ride Completed]" time="0.133" /><testcase classname="tests.test_ride_workflow" name="test_rentals_list_authenticated" time="0.120" /><testcase classname="tests.test_ride_workflow" name="test_create_rental_new_bike_pricing" time="0.176" /></testsuite></testsuites>