<?xml version="1.0" encoding="utf-8"?><testsuites name="pytest tests"><testsuite name="pytest" errors="0" failures="1" skipped="0" tests="27" time="6.411" timestamp="2026-08-12T16:45:09.135357+00:00" hostname="agent-env-7ff023b0-282f-44b9-9fad-5ab161ac647c"><testcase classname="tests.test_ride_workflow" name="test_login_all_three_accounts" time="1.457" /><testcase classname="tests.test_ops_backend.TestAuth" name="test_login_seeded[user@ops.com-user123-user]" time="0.746" /><testcase classname="tests.test_ops_backend.TestAuth" name="test_login_seeded[driver@ops.com-driver123-driver]" time="0.490" /><testcase classname="tests.test_ops_backend.TestAuth" name="test_login_seeded[admin@ops.com-admin123-admin]" time="0.481" /><testcase classname="tests.test_ride_workflow" name="test_nearby_drivers_returns_5[Bike]" time="0.252" /><testcase classname="tests.test_ride_workflow" name="test_nearby_drivers_returns_5[Auto]" time="0.291" /><testcase classname="tests.test_ops_backend.TestAuth" name="test_login_bad_password" time="0.289" /><testcase classname="tests.test_ride_workflow" name="test_nearby_drivers_returns_5[Car]" time="0.296" /><testcase classname="tests.test_ops_backend.TestAuth" name="test_signup_new_user" time="0.298" /><testcase classname="tests.test_ops_backend.TestAuth" name="test_signup_admin_blocked" time="0.062" /><testcase classname="tests.test_fares_delivery" name="test_fare_estimate_rapido_pricing[15.5-28-expected0]" time="0.292" /><testcase classname="tests.test_fares_delivery" name="test_fare_estimate_rapido_pricing[5.0-15-expected1]" time="0.227" /><testcase classname="tests.test_fares_delivery" name="test_fare_response_structure" time="0.192" /><testcase classname="tests.test_ops_backend.TestDriversNearby" name="test_nearby_returns_up_to_5[Bike]" time="0.066" /><testcase classname="tests.test_ops_backend.TestDriversNearby" name="test_nearby_returns_up_to_5[Auto]" time="0.056" /><testcase classname="tests.test_ops_backend.TestDriversNearby" name="test_nearby_returns_up_to_5[Car]" time="0.071" /><testcase classname="tests.test_ops_backend.TestWeather" name="test_weather_delhi" time="0.975" /><testcase classname="tests.test_ride_workflow" name="test_ride_created_in_requested_state_without_auto_assign" time="1.002" /><testcase classname="tests.test_ops_backend.TestRideDispatch" name="test_create_ride_dispatch_5" time="1.035"><failure message="AssertionError: missing driver_name&#10;assert ('driver_name' in {'id': 'e5b14fea-7bba-41a1-b515-501382233a37', 'user_id': '75345de4-7d36-4c98-908b-031512d2a287', 'user_name': 'Rahul Sharma', 'user_phone': '+919876543212', ...} and None is not None)">backend/tests/test_ops_backend.py:116: in test_create_ride_dispatch_5
    assert k in ride and ride[k] is not None, f"missing {k}"
E   AssertionError: missing driver_name
E   assert ('driver_name' in {'id': 'e5b14fea-7bba-41a1-b515-501382233a37', 'user_id': '75345de4-7d36-4c98-908b-031512d2a287', 'user_name': 'Rahul Sharma', 'user_phone': '+919876543212', ...} and None is not None)</failure></testcase><testcase classname="tests.test_ride_workflow" name="test_driver_sees_requested_ride_in_list" time="1.599" /><testcase classname="tests.test_ride_workflow" name="test_driver_accepts_ride" time="0.181" /><testcase classname="tests.test_ride_workflow" name="test_user_sees_driver_info_after_accept" time="0.135" /><testcase classname="tests.test_ride_workflow" name="test_driver_progresses_ride[Driver Arriving]" time="0.114" /><testcase classname="tests.test_ride_workflow" name="test_driver_progresses_ride[Ride Started]" time="0.174" /><testcase classname="tests.test_ride_workflow" name="test_driver_progresses_ride[Ride Completed]" time="0.134" /><testcase classname="tests.test_ride_workflow" name="test_rentals_list_authenticated" time="0.128" /><testcase classname="tests.test_ride_workflow" name="test_create_rental_new_bike_pricing" time="0.120" /></testsuite></testsuites>