<?xml version="1.0" encoding="utf-8"?><testsuites name="pytest tests"><testsuite name="pytest" errors="0" failures="0" skipped="0" tests="9" time="2.362" timestamp="2026-08-12T16:51:11.646503+00:00" hostname="agent-env-7ff023b0-282f-44b9-9fad-5ab161ac647c"><testcase classname="tests.test_fares_delivery" name="test_fare_estimate_rapido_pricing[15.5-28-expected0]" time="0.374" /><testcase classname="tests.test_fares_delivery" name="test_fare_estimate_rapido_pricing[5.0-15-expected1]" time="0.145" /><testcase classname="tests.test_fares_delivery" name="test_delivery_fare_matches_frontend[Bike-17.04-100]" time="0.472" /><testcase classname="tests.test_fares_delivery" name="test_delivery_fare_matches_frontend[Auto-17.04-144]" time="0.147" /><testcase classname="tests.test_fares_delivery" name="test_delivery_fare_matches_frontend[Car-17.04-210]" time="0.205" /><testcase classname="tests.test_fares_delivery" name="test_delivery_fare_matches_frontend[Bike-10.0-65]" time="0.113" /><testcase classname="tests.test_fares_delivery" name="test_delivery_fare_matches_frontend[Auto-10.0-95]" time="0.139" /><testcase classname="tests.test_fares_delivery" name="test_delivery_fare_matches_frontend[Car-10.0-140]" time="0.122" /><testcase classname="tests.test_fares_delivery" name="test_fare_response_structure" time="0.125" /></testsuite></testsuites>