<?xml version="1.0" encoding="utf-8"?><testsuites name="pytest tests"><testsuite name="pytest" errors="0" failures="1" skipped="0" tests="11" time="3.042" timestamp="2026-08-12T15:50:32.260352+00:00" hostname="agent-env-7ff023b0-282f-44b9-9fad-5ab161ac647c"><testcase classname="tests.test_ops_backend.TestAuth" name="test_login_seeded[user@ops.com-user123-user]" time="0.511" /><testcase classname="tests.test_ops_backend.TestDriversNearby" name="test_nearby_returns_up_to_5[Bike]" time="0.535" /><testcase classname="tests.test_ops_backend.TestAuth" name="test_login_seeded[driver@ops.com-driver123-driver]" time="0.272" /><testcase classname="tests.test_ops_backend.TestDriversNearby" name="test_nearby_returns_up_to_5[Auto]" time="0.269" /><testcase classname="tests.test_ops_backend.TestAuth" name="test_login_seeded[admin@ops.com-admin123-admin]" time="0.278" /><testcase classname="tests.test_ops_backend.TestDriversNearby" name="test_nearby_returns_up_to_5[Car]" time="0.278" /><testcase classname="tests.test_ops_backend.TestAuth" name="test_login_bad_password" time="0.268" /><testcase classname="tests.test_ops_backend.TestWeather" name="test_weather_delhi" time="1.022" /><testcase classname="tests.test_ops_backend.TestAuth" name="test_signup_new_user" time="0.271" /><testcase classname="tests.test_ops_backend.TestAuth" name="test_signup_admin_blocked" time="0.051" /><testcase classname="tests.test_ops_backend.TestRideDispatch" name="test_create_ride_dispatch_5" time="0.376"><failure message="AssertionError: {&quot;detail&quot;:[{&quot;type&quot;:&quot;missing&quot;,&quot;loc&quot;:[&quot;body&quot;,&quot;pickup_location&quot;],&quot;msg&quot;:&quot;Field required&quot;,&quot;input&quot;:{&quot;pickup&quot;:{&quot;lat&quot;:28.6139,&quot;lng&quot;:77.209,&quot;label&quot;:&quot;Connaught Place&quot;},&quot;destination&quot;:{&quot;lat&quot;:28.5355,&quot;lng&quot;:77.391,&quot;label&quot;:&quot;Noida&quot;},&quot;vehicle_type&quot;:&quot;Bike&quot;,&quot;distance_km&quot;:20.5,&quot;fare&quot;:300,&quot;payment_method&quot;:&quot;cash&quot;},&quot;url&quot;:&quot;https://errors.pydantic.dev/2.13/v/missing&quot;},{&quot;type&quot;:&quot;missing&quot;,&quot;loc&quot;:[&quot;body&quot;,&quot;destination_location&quot;],&quot;msg&quot;:&quot;Field required&quot;,&quot;input&quot;:{&quot;pickup&quot;:{&quot;lat&quot;:28.6139,&quot;lng&quot;:77.209,&quot;label&quot;:&quot;Connaught Place&quot;},&quot;destination&quot;:{&quot;lat&quot;:28.5355,&quot;lng&quot;:77.391,&quot;label&quot;:&quot;Noida&quot;},&quot;vehicle_type&quot;:&quot;Bike&quot;,&quot;distance_km&quot;:20.5,&quot;fare&quot;:300,&quot;payment_method&quot;:&quot;cash&quot;},&quot;url&quot;:&quot;https://errors.pydantic.dev/2.13/v/missing&quot;}]}&#10;assert 422 in (200, 201)&#10; +  where 422 = &lt;Response [422]&gt;.status_code">backend/tests/test_ops_backend.py:105: in test_create_ride_dispatch_5
    assert r.status_code in (200, 201), r.text
E   AssertionError: {"detail":[{"type":"missing","loc":["body","pickup_location"],"msg":"Field required","input":{"pickup":{"lat":28.6139,"lng":77.209,"label":"Connaught Place"},"destination":{"lat":28.5355,"lng":77.391,"label":"Noida"},"vehicle_type":"Bike","distance_km":20.5,"fare":300,"payment_method":"cash"},"url":"https://errors.pydantic.dev/2.13/v/missing"},{"type":"missing","loc":["body","destination_location"],"msg":"Field required","input":{"pickup":{"lat":28.6139,"lng":77.209,"label":"Connaught Place"},"destination":{"lat":28.5355,"lng":77.391,"label":"Noida"},"vehicle_type":"Bike","distance_km":20.5,"fare":300,"payment_method":"cash"},"url":"https://errors.pydantic.dev/2.13/v/missing"}]}
E   assert 422 in (200, 201)
E    +  where 422 = &lt;Response [422]&gt;.status_code</failure></testcase></testsuite></testsuites>