<?xml version="1.0" encoding="utf-8"?><testsuites name="pytest tests"><testsuite name="pytest" errors="0" failures="0" skipped="0" tests="7" time="2.341" timestamp="2026-08-12T17:13:57.773388+00:00" hostname="agent-env-7ff023b0-282f-44b9-9fad-5ab161ac647c"><testcase classname="tests.test_rentals_kyc" name="test_create_rental_with_kyc_fields" time="0.550" /><testcase classname="tests.test_rentals_kyc" name="test_get_rentals_as_user_returns_kyc" time="0.192" /><testcase classname="tests.test_rentals_kyc" name="test_get_rentals_as_driver_sees_booked" time="0.602" /><testcase classname="tests.test_rentals_kyc" name="test_price_variants[Bike-4 Hours / 40 KM-189]" time="0.118" /><testcase classname="tests.test_rentals_kyc" name="test_price_variants[Bike-8 Hours / 80 KM-349]" time="0.123" /><testcase classname="tests.test_rentals_kyc" name="test_price_variants[Auto-2 Hours / 20 KM-149]" time="0.121" /><testcase classname="tests.test_rentals_kyc" name="test_price_variants[Car-2 Hours / 20 KM-249]" time="0.124" /></testsuite></testsuites>