<?xml version="1.0" encoding="utf-8"?><testsuites name="pytest tests"><testsuite name="pytest" errors="0" failures="0" skipped="0" tests="5" time="2.822" timestamp="2026-08-10T17:58:05.567773+00:00" hostname="agent-env-fe9f96f2-30cc-40ac-93ad-bdbb63b23972"><testcase classname="tests.test_ops_api" name="test_auth_me_has_no_password" time="1.249" /><testcase classname="tests.test_ops_api" name="test_signup_rejects_admin" time="0.121" /><testcase classname="tests.test_ops_api" name="test_ride_requires_auth_and_rejects_distance" time="0.171" /><testcase classname="tests.test_ops_api" name="test_ride_fare_and_lifecycle_and_feedback" time="0.535" /><testcase classname="tests.test_ops_api" name="test_rental_and_admin_protection" time="0.237" /></testsuite></testsuites>