<?xml version="1.0" encoding="utf-8"?><testsuites name="pytest tests"><testsuite name="pytest" errors="0" failures="0" skipped="0" tests="9" time="5.144" timestamp="2026-08-10T19:05:41.139463+00:00" hostname="agent-env-fe9f96f2-30cc-40ac-93ad-bdbb63b23972"><testcase classname="tests.test_ops_api" name="test_auth_me" time="1.313" /><testcase classname="tests.test_ops_api" name="test_signup_rejects_admin" time="0.127" /><testcase classname="tests.test_ops_api" name="test_signup_user_and_driver_ok" time="0.705" /><testcase classname="tests.test_ops_api" name="test_ride_fare_new_rates" time="0.067" /><testcase classname="tests.test_ops_api" name="test_ride_lifecycle_and_tracking" time="1.337" /><testcase classname="tests.test_ops_api" name="test_delivery_fare_new_rates" time="0.065" /><testcase classname="tests.test_ops_api" name="test_delivery_visibility" time="0.270" /><testcase classname="tests.test_ops_api" name="test_delivery_lifecycle_and_tracking" time="0.700" /><testcase classname="tests.test_ops_api" name="test_admin_stats_has_deliveries" time="0.063" /></testsuite></testsuites>