<?xml version="1.0" encoding="utf-8"?><testsuites name="pytest tests"><testsuite name="pytest" errors="0" failures="0" skipped="0" tests="12" time="6.674" timestamp="2026-08-10T19:32:05.450328+00:00" hostname="agent-env-fe9f96f2-30cc-40ac-93ad-bdbb63b23972"><testcase classname="tests.test_ops_api" name="test_auth_me" time="1.500" /><testcase classname="tests.test_ops_api" name="test_signup_rejects_admin" time="0.108" /><testcase classname="tests.test_ops_api" name="test_signup_user_and_driver_ok" time="0.784" /><testcase classname="tests.test_ops_api" name="test_ride_fare_new_rates" time="0.077" /><testcase classname="tests.test_ops_api" name="test_ride_lifecycle_and_tracking" time="1.306" /><testcase classname="tests.test_ops_api" name="test_delivery_fare_new_rates" time="0.082" /><testcase classname="tests.test_ops_api" name="test_delivery_visibility" time="0.269" /><testcase classname="tests.test_ops_api" name="test_delivery_lifecycle_and_tracking" time="0.646" /><testcase classname="tests.test_ops_api" name="test_rental_lifecycle" time="0.538" /><testcase classname="tests.test_ops_api" name="test_sos_ride" time="0.421" /><testcase classname="tests.test_ops_api" name="test_sos_delivery_and_admin_list" time="0.373" /><testcase classname="tests.test_ops_api" name="test_admin_stats_has_deliveries" time="0.070" /></testsuite></testsuites>